<?xml version="1.0" encoding="UTF-8"?>
<testsuite name="com.theBreak.app.TheBreakApplicationTests" tests="1" skipped="0" failures="0" errors="0" timestamp="2021-11-01T16:45:48" hostname="BCWMC003617" time="0.533">
  <properties/>
  <testcase name="contextLoads()" classname="com.theBreak.app.TheBreakApplicationTests" time="0.533"/>
  <system-out><![CDATA[17:45:45.632 [Test worker] DEBUG org.springframework.test.context.BootstrapUtils - Instantiating CacheAwareContextLoaderDelegate from class [org.springframework.test.context.cache.DefaultCacheAwareContextLoaderDelegate]
17:45:45.646 [Test worker] DEBUG org.springframework.test.context.BootstrapUtils - Instantiating BootstrapContext using constructor [public org.springframework.test.context.support.DefaultBootstrapContext(java.lang.Class,org.springframework.test.context.CacheAwareContextLoaderDelegate)]
17:45:45.674 [Test worker] DEBUG org.springframework.test.context.BootstrapUtils - Instantiating TestContextBootstrapper for test class [com.theBreak.app.TheBreakApplicationTests] from class [org.springframework.boot.test.context.SpringBootTestContextBootstrapper]
17:45:45.689 [Test worker] INFO org.springframework.boot.test.context.SpringBootTestContextBootstrapper - Neither @ContextConfiguration nor @ContextHierarchy found for test class [com.theBreak.app.TheBreakApplicationTests], using SpringBootContextLoader
17:45:45.692 [Test worker] DEBUG org.springframework.test.context.support.AbstractContextLoader - Did not detect default resource location for test class [com.theBreak.app.TheBreakApplicationTests]: class path resource [com/theBreak/app/TheBreakApplicationTests-context.xml] does not exist
17:45:45.693 [Test worker] DEBUG org.springframework.test.context.support.AbstractContextLoader - Did not detect default resource location for test class [com.theBreak.app.TheBreakApplicationTests]: class path resource [com/theBreak/app/TheBreakApplicationTestsContext.groovy] does not exist
17:45:45.693 [Test worker] INFO org.springframework.test.context.support.AbstractContextLoader - Could not detect default resource locations for test class [com.theBreak.app.TheBreakApplicationTests]: no resource found for suffixes {-context.xml, Context.groovy}.
17:45:45.694 [Test worker] INFO org.springframework.test.context.support.AnnotationConfigContextLoaderUtils - Could not detect default configuration classes for test class [com.theBreak.app.TheBreakApplicationTests]: TheBreakApplicationTests does not declare any static, non-private, non-final, nested classes annotated with @Configuration.
17:45:45.732 [Test worker] DEBUG org.springframework.test.context.support.ActiveProfilesUtils - Could not find an 'annotation declaring class' for annotation type [org.springframework.test.context.ActiveProfiles] and class [com.theBreak.app.TheBreakApplicationTests]
17:45:45.816 [Test worker] DEBUG org.springframework.context.annotation.ClassPathScanningCandidateComponentProvider - Identified candidate component class: file [C:\Users\jonas.bahls\Desktop\DHBW\Webshop - Projekt\TheBreakNew\build\classes\java\main\com\theBreak\app\TheBreakApplication.class]
17:45:45.818 [Test worker] INFO org.springframework.boot.test.context.SpringBootTestContextBootstrapper - Found @SpringBootConfiguration com.theBreak.app.TheBreakApplication for test class com.theBreak.app.TheBreakApplicationTests
17:45:45.964 [Test worker] DEBUG org.springframework.boot.test.context.SpringBootTestContextBootstrapper - @TestExecutionListeners is not present for class [com.theBreak.app.TheBreakApplicationTests]: using defaults.
17:45:45.965 [Test worker] INFO org.springframework.boot.test.context.SpringBootTestContextBootstrapper - Loaded default TestExecutionListener class names from location [META-INF/spring.factories]: [org.springframework.boot.test.autoconfigure.restdocs.RestDocsTestExecutionListener, org.springframework.boot.test.autoconfigure.web.client.MockRestServiceServerResetTestExecutionListener, org.springframework.boot.test.autoconfigure.web.servlet.MockMvcPrintOnlyOnFailureTestExecutionListener, org.springframework.boot.test.autoconfigure.web.servlet.WebDriverTestExecutionListener, org.springframework.boot.test.autoconfigure.webservices.client.MockWebServiceServerTestExecutionListener, org.springframework.boot.test.mock.mockito.MockitoTestExecutionListener, org.springframework.boot.test.mock.mockito.ResetMocksTestExecutionListener, org.springframework.test.context.web.ServletTestExecutionListener, org.springframework.test.context.support.DirtiesContextBeforeModesTestExecutionListener, org.springframework.test.context.support.DependencyInjectionTestExecutionListener, org.springframework.test.context.support.DirtiesContextTestExecutionListener, org.springframework.test.context.transaction.TransactionalTestExecutionListener, org.springframework.test.context.jdbc.SqlScriptsTestExecutionListener, org.springframework.test.context.event.EventPublishingTestExecutionListener]
17:45:45.979 [Test worker] DEBUG org.springframework.boot.test.context.SpringBootTestContextBootstrapper - Skipping candidate TestExecutionListener [org.springframework.test.context.transaction.TransactionalTestExecutionListener] due to a missing dependency. Specify custom listener classes or make the default listener classes and their required dependencies available. Offending class: [org/springframework/transaction/interceptor/TransactionAttributeSource]
17:45:45.980 [Test worker] DEBUG org.springframework.boot.test.context.SpringBootTestContextBootstrapper - Skipping candidate TestExecutionListener [org.springframework.test.context.jdbc.SqlScriptsTestExecutionListener] due to a missing dependency. Specify custom listener classes or make the default listener classes and their required dependencies available. Offending class: [org/springframework/transaction/interceptor/TransactionAttribute]
17:45:45.980 [Test worker] INFO org.springframework.boot.test.context.SpringBootTestContextBootstrapper - Using TestExecutionListeners: [org.springframework.test.context.web.ServletTestExecutionListener@7af8cd05, org.springframework.test.context.support.DirtiesContextBeforeModesTestExecutionListener@152c016c, org.springframework.boot.test.mock.mockito.MockitoTestExecutionListener@3fd4b32, org.springframework.boot.test.autoconfigure.SpringBootDependencyInjectionTestExecutionListener@54f42df, org.springframework.test.context.support.DirtiesContextTestExecutionListener@39633796, org.springframework.test.context.event.EventPublishingTestExecutionListener@4c3166b7, org.springframework.boot.test.autoconfigure.restdocs.RestDocsTestExecutionListener@25fc00d8, org.springframework.boot.test.autoconfigure.web.client.MockRestServiceServerResetTestExecutionListener@5adaf702, org.springframework.boot.test.autoconfigure.web.servlet.MockMvcPrintOnlyOnFailureTestExecutionListener@7aa5b448, org.springframework.boot.test.autoconfigure.web.servlet.WebDriverTestExecutionListener@3de66175, org.springframework.boot.test.autoconfigure.webservices.client.MockWebServiceServerTestExecutionListener@78595cd1, org.springframework.boot.test.mock.mockito.ResetMocksTestExecutionListener@7536d63f]
17:45:45.985 [Test worker] DEBUG org.springframework.test.context.support.AbstractDirtiesContextTestExecutionListener - Before test class: context [DefaultTestContext@4c8a44b5 testClass = TheBreakApplicationTests, testInstance = [null], testMethod = [null], testException = [null], mergedContextConfiguration = [WebMergedContextConfiguration@57520a97 testClass = TheBreakApplicationTests, locations = '{}', classes = '{class com.theBreak.app.TheBreakApplication}', contextInitializerClasses = '[]', activeProfiles = '{}', propertySourceLocations = '{}', propertySourceProperties = '{org.springframework.boot.test.context.SpringBootTestContextBootstrapper=true}', contextCustomizers = set[org.springframework.boot.test.autoconfigure.properties.PropertyMappingContextCustomizer@0, org.springframework.boot.test.autoconfigure.web.servlet.WebDriverContextCustomizerFactory$Customizer@4d285852, org.springframework.boot.test.context.filter.ExcludeFilterContextCustomizer@1231202e, org.springframework.boot.test.json.DuplicateJsonObjectContextCustomizerFactory$DuplicateJsonObjectContextCustomizer@2b4c1b9, org.springframework.boot.test.mock.mockito.MockitoContextCustomizer@0, org.springframework.boot.test.web.client.TestRestTemplateContextCustomizer@2f639fbe, org.springframework.boot.test.context.SpringBootTestArgs@1], resourceBasePath = 'src/main/webapp', contextLoader = 'org.springframework.boot.test.context.SpringBootContextLoader', parent = [null]], attributes = map['org.springframework.test.context.web.ServletTestExecutionListener.activateListener' -> true]], class annotated with @DirtiesContext [false] with mode [null].
17:45:46.021 [Test worker] DEBUG org.springframework.test.context.support.TestPropertySourceUtils - Adding inlined properties to environment: {spring.jmx.enabled=false, org.springframework.boot.test.context.SpringBootTestContextBootstrapper=true}

  .   ____          _            __ _ _
 /\\ / ___'_ __ _ _(_)_ __  __ _ \ \ \ \
( ( )\___ | '_ | '_| | '_ \/ _` | \ \ \ \
 \\/  ___)| |_)| | | | | || (_| |  ) ) ) )
  '  |____| .__|_| |_|_| |_\__, | / / / /
 =========|_|==============|___/=/_/_/_/
 :: Spring Boot ::        (v2.3.4.RELEASE)

2021-11-01 17:45:46.290  INFO 16808 --- [    Test worker] c.theBreak.app.TheBreakApplicationTests  : Starting TheBreakApplicationTests on BCWMC003617 with PID 16808 (started by jonas.bahls in C:\Users\jonas.bahls\Desktop\DHBW\Webshop - Projekt\TheBreakNew)
2021-11-01 17:45:46.291  INFO 16808 --- [    Test worker] c.theBreak.app.TheBreakApplicationTests  : No active profile set, falling back to default profiles: default
2021-11-01 17:45:47.934  INFO 16808 --- [    Test worker] o.s.s.concurrent.ThreadPoolTaskExecutor  : Initializing ExecutorService 'applicationTaskExecutor'
2021-11-01 17:45:48.403  INFO 16808 --- [    Test worker] o.s.b.a.e.web.EndpointLinksResolver      : Exposing 2 endpoint(s) beneath base path '/actuator'
2021-11-01 17:45:48.458  INFO 16808 --- [    Test worker] c.theBreak.app.TheBreakApplicationTests  : Started TheBreakApplicationTests in 2.425 seconds (JVM running for 3.747)
]]></system-out>
  <system-err><![CDATA[]]></system-err>
</testsuite>
