<?xml version="1.0" encoding="UTF-8"?>
<testsuite name="com.theBreak.app.DemoApplicationTests" tests="1" skipped="0" failures="0" errors="0" timestamp="2021-10-25T19:14:47" hostname="MacBook-Pro" time="0.599">
  <properties/>
  <testcase name="contextLoads()" classname="com.theBreak.app.DemoApplicationTests" time="0.599"/>
  <system-out><![CDATA[21:14:43.676 [Test worker] DEBUG org.springframework.test.context.BootstrapUtils - Instantiating CacheAwareContextLoaderDelegate from class [org.springframework.test.context.cache.DefaultCacheAwareContextLoaderDelegate]
21:14:43.688 [Test worker] DEBUG org.springframework.test.context.BootstrapUtils - Instantiating BootstrapContext using constructor [public org.springframework.test.context.support.DefaultBootstrapContext(java.lang.Class,org.springframework.test.context.CacheAwareContextLoaderDelegate)]
21:14:43.723 [Test worker] DEBUG org.springframework.test.context.BootstrapUtils - Instantiating TestContextBootstrapper for test class [com.theBreak.app.DemoApplicationTests] from class [org.springframework.boot.test.context.SpringBootTestContextBootstrapper]
21:14:43.745 [Test worker] INFO org.springframework.boot.test.context.SpringBootTestContextBootstrapper - Neither @ContextConfiguration nor @ContextHierarchy found for test class [com.theBreak.app.DemoApplicationTests], using SpringBootContextLoader
21:14:43.751 [Test worker] DEBUG org.springframework.test.context.support.AbstractContextLoader - Did not detect default resource location for test class [com.theBreak.app.DemoApplicationTests]: class path resource [com/theBreak/app/DemoApplicationTests-context.xml] does not exist
21:14:43.752 [Test worker] DEBUG org.springframework.test.context.support.AbstractContextLoader - Did not detect default resource location for test class [com.theBreak.app.DemoApplicationTests]: class path resource [com/theBreak/app/DemoApplicationTestsContext.groovy] does not exist
21:14:43.752 [Test worker] INFO org.springframework.test.context.support.AbstractContextLoader - Could not detect default resource locations for test class [com.theBreak.app.DemoApplicationTests]: no resource found for suffixes {-context.xml, Context.groovy}.
21:14:43.754 [Test worker] INFO org.springframework.test.context.support.AnnotationConfigContextLoaderUtils - Could not detect default configuration classes for test class [com.theBreak.app.DemoApplicationTests]: DemoApplicationTests does not declare any static, non-private, non-final, nested classes annotated with @Configuration.
21:14:43.802 [Test worker] DEBUG org.springframework.test.context.support.ActiveProfilesUtils - Could not find an 'annotation declaring class' for annotation type [org.springframework.test.context.ActiveProfiles] and class [com.theBreak.app.DemoApplicationTests]
21:14:43.889 [Test worker] DEBUG org.springframework.context.annotation.ClassPathScanningCandidateComponentProvider - Identified candidate component class: file [/Users/banny/Desktop/TheBreakBackend/build/classes/java/main/com/theBreak/app/TheBreakApplication.class]
21:14:43.890 [Test worker] INFO org.springframework.boot.test.context.SpringBootTestContextBootstrapper - Found @SpringBootConfiguration com.theBreak.app.TheBreakApplication for test class com.theBreak.app.DemoApplicationTests
21:14:44.055 [Test worker] DEBUG org.springframework.boot.test.context.SpringBootTestContextBootstrapper - @TestExecutionListeners is not present for class [com.theBreak.app.DemoApplicationTests]: using defaults.
21:14:44.056 [Test worker] INFO org.springframework.boot.test.context.SpringBootTestContextBootstrapper - Loaded default TestExecutionListener class names from location [META-INF/spring.factories]: [org.springframework.boot.test.autoconfigure.restdocs.RestDocsTestExecutionListener, org.springframework.boot.test.autoconfigure.web.client.MockRestServiceServerResetTestExecutionListener, org.springframework.boot.test.autoconfigure.web.servlet.MockMvcPrintOnlyOnFailureTestExecutionListener, org.springframework.boot.test.autoconfigure.web.servlet.WebDriverTestExecutionListener, org.springframework.boot.test.autoconfigure.webservices.client.MockWebServiceServerTestExecutionListener, org.springframework.boot.test.mock.mockito.MockitoTestExecutionListener, org.springframework.boot.test.mock.mockito.ResetMocksTestExecutionListener, org.springframework.test.context.web.ServletTestExecutionListener, org.springframework.test.context.support.DirtiesContextBeforeModesTestExecutionListener, org.springframework.test.context.support.DependencyInjectionTestExecutionListener, org.springframework.test.context.support.DirtiesContextTestExecutionListener, org.springframework.test.context.transaction.TransactionalTestExecutionListener, org.springframework.test.context.jdbc.SqlScriptsTestExecutionListener, org.springframework.test.context.event.EventPublishingTestExecutionListener]
21:14:44.075 [Test worker] DEBUG org.springframework.boot.test.context.SpringBootTestContextBootstrapper - Skipping candidate TestExecutionListener [org.springframework.test.context.transaction.TransactionalTestExecutionListener] due to a missing dependency. Specify custom listener classes or make the default listener classes and their required dependencies available. Offending class: [org/springframework/transaction/interceptor/TransactionAttributeSource]
21:14:44.076 [Test worker] DEBUG org.springframework.boot.test.context.SpringBootTestContextBootstrapper - Skipping candidate TestExecutionListener [org.springframework.test.context.jdbc.SqlScriptsTestExecutionListener] due to a missing dependency. Specify custom listener classes or make the default listener classes and their required dependencies available. Offending class: [org/springframework/transaction/interceptor/TransactionAttribute]
21:14:44.077 [Test worker] INFO org.springframework.boot.test.context.SpringBootTestContextBootstrapper - Using TestExecutionListeners: [org.springframework.test.context.web.ServletTestExecutionListener@734d245e, org.springframework.test.context.support.DirtiesContextBeforeModesTestExecutionListener@2ef6584, org.springframework.boot.test.mock.mockito.MockitoTestExecutionListener@5f0eef9a, org.springframework.boot.test.autoconfigure.SpringBootDependencyInjectionTestExecutionListener@676081a8, org.springframework.test.context.support.DirtiesContextTestExecutionListener@7d9536ce, org.springframework.test.context.event.EventPublishingTestExecutionListener@42fafbd, org.springframework.boot.test.autoconfigure.restdocs.RestDocsTestExecutionListener@2c75f29d, org.springframework.boot.test.autoconfigure.web.client.MockRestServiceServerResetTestExecutionListener@4f7b4b7a, org.springframework.boot.test.autoconfigure.web.servlet.MockMvcPrintOnlyOnFailureTestExecutionListener@1b0c371d, org.springframework.boot.test.autoconfigure.web.servlet.WebDriverTestExecutionListener@62a73186, org.springframework.boot.test.autoconfigure.webservices.client.MockWebServiceServerTestExecutionListener@6145c655, org.springframework.boot.test.mock.mockito.ResetMocksTestExecutionListener@7470719c]
21:14:44.083 [Test worker] DEBUG org.springframework.test.context.support.AbstractDirtiesContextTestExecutionListener - Before test class: context [DefaultTestContext@7f97de65 testClass = DemoApplicationTests, testInstance = [null], testMethod = [null], testException = [null], mergedContextConfiguration = [WebMergedContextConfiguration@4aaf182 testClass = DemoApplicationTests, locations = '{}', classes = '{class com.theBreak.app.TheBreakApplication}', contextInitializerClasses = '[]', activeProfiles = '{}', propertySourceLocations = '{}', propertySourceProperties = '{org.springframework.boot.test.context.SpringBootTestContextBootstrapper=true}', contextCustomizers = set[org.springframework.boot.test.autoconfigure.properties.PropertyMappingContextCustomizer@0, org.springframework.boot.test.autoconfigure.web.servlet.WebDriverContextCustomizerFactory$Customizer@1f1a1284, org.springframework.boot.test.context.filter.ExcludeFilterContextCustomizer@25e886cd, org.springframework.boot.test.json.DuplicateJsonObjectContextCustomizerFactory$DuplicateJsonObjectContextCustomizer@73c69c05, org.springframework.boot.test.mock.mockito.MockitoContextCustomizer@0, org.springframework.boot.test.web.client.TestRestTemplateContextCustomizer@7cd74f9f, org.springframework.boot.test.context.SpringBootTestArgs@1], resourceBasePath = 'src/main/webapp', contextLoader = 'org.springframework.boot.test.context.SpringBootContextLoader', parent = [null]], attributes = map['org.springframework.test.context.web.ServletTestExecutionListener.activateListener' -> true]], class annotated with @DirtiesContext [false] with mode [null].
21:14:44.123 [Test worker] DEBUG org.springframework.test.context.support.TestPropertySourceUtils - Adding inlined properties to environment: {spring.jmx.enabled=false, org.springframework.boot.test.context.SpringBootTestContextBootstrapper=true}

  .   ____          _            __ _ _
 /\\ / ___'_ __ _ _(_)_ __  __ _ \ \ \ \
( ( )\___ | '_ | '_| | '_ \/ _` | \ \ \ \
 \\/  ___)| |_)| | | | | || (_| |  ) ) ) )
  '  |____| .__|_| |_|_| |_\__, | / / / /
 =========|_|==============|___/=/_/_/_/
 :: Spring Boot ::        (v2.3.4.RELEASE)

2021-10-25 21:14:44.482  INFO 2832 --- [    Test worker] com.theBreak.app.DemoApplicationTests    : Starting DemoApplicationTests on MacBook-Pro with PID 2832 (started by banny in /Users/banny/Desktop/TheBreakBackend)
2021-10-25 21:14:44.485  INFO 2832 --- [    Test worker] com.theBreak.app.DemoApplicationTests    : No active profile set, falling back to default profiles: default
2021-10-25 21:14:46.659  INFO 2832 --- [    Test worker] o.s.s.concurrent.ThreadPoolTaskExecutor  : Initializing ExecutorService 'applicationTaskExecutor'
2021-10-25 21:14:47.336  INFO 2832 --- [    Test worker] o.s.b.a.e.web.EndpointLinksResolver      : Exposing 2 endpoint(s) beneath base path '/actuator'
2021-10-25 21:14:47.412  INFO 2832 --- [    Test worker] com.theBreak.app.DemoApplicationTests    : Started DemoApplicationTests in 3.277 seconds (JVM running for 4.771)
]]></system-out>
  <system-err><![CDATA[]]></system-err>
</testsuite>
